<?xml version="1.0" encoding="UTF-8"?>
<!-- Generated by org.testng.reporters.JUnitReportReporter -->
<testsuite hostname="SL-SP-LAP-0586.local" failures="0" tests="1" name="com.InternetBanking.testCases.TC_AddNewRequest_003" time="26.265" errors="0" timestamp="20 Jan 2022 20:48:32 GMT" skipped="0">
  <testcase classname="com.InternetBanking.testCases.TC_AddNewRequest_003" name="addNewRequest" time="26.265"/>
</testsuite> <!-- com.InternetBanking.testCases.TC_AddNewRequest_003 -->
