<?xml version="1.0" encoding="UTF-8"?>
<!-- Generated by org.testng.reporters.JUnitReportReporter -->
<testsuite hostname="SL-SP-LAP-0586.local" failures="0" tests="1" name="com.InternetBanking.testCases.TC_LoginTest_001" time="6.749" errors="0" timestamp="19 Jan 2022 15:22:37 GMT" skipped="0">
  <testcase classname="com.InternetBanking.testCases.TC_LoginTest_001" name="LoginTest" time="6.749"/>
</testsuite> <!-- com.InternetBanking.testCases.TC_LoginTest_001 -->
