<?xml version="1.0" encoding="UTF-8"?>
<!-- Generated by org.testng.reporters.JUnitReportReporter -->
<testsuite hostname="SL-SP-LAP-0586.local" failures="0" tests="1" name="com.InternetBanking.testCases.TC_LoginTest_001" time="20.393" errors="0" timestamp="2022-01-16T03:16:34 IST" skipped="0">
  <testcase classname="com.InternetBanking.testCases.TC_LoginTest_001" name="LoginTest" time="20.393"/>
  <system-out/>
</testsuite> <!-- com.InternetBanking.testCases.TC_LoginTest_001 -->
