<?xml version="1.0" encoding="UTF-8"?>
<!-- Generated by org.testng.reporters.JUnitReportReporter -->
<testsuite hostname="SL-SP-LAP-0586.local" failures="0" tests="1" name="com.InternetBanking.testCases.TC_LoginDDT_002" time="10.410" errors="0" timestamp="17 Jan 2022 14:56:55 GMT" skipped="0">
  <testcase classname="com.InternetBanking.testCases.TC_LoginDDT_002" name="loginDDT" time="10.410"/>
</testsuite> <!-- com.InternetBanking.testCases.TC_LoginDDT_002 -->
