<?xml version="1.0" encoding="UTF-8"?>
<!-- Generated by org.testng.reporters.JUnitReportReporter -->
<testsuite hostname="SL-SP-LAP-0586.local" failures="0" tests="1" name="NewTest" time="14.812" errors="0" timestamp="2022-01-14T20:10:14 IST" skipped="0">
  <testcase classname="NewTest" name="openUrl" time="14.812"/>
  <system-out/>
</testsuite> <!-- NewTest -->
