<?xml version="1.0" encoding="UTF-8"?>
<!-- Generated by org.testng.reporters.JUnitReportReporter -->
<testsuite hostname="SL-SP-LAP-0586.local" failures="0" tests="1" name="com.InternetBanking.testCases.TC_LoginTest_001" time="6.696" errors="0" timestamp="18 Jan 2022 20:27:49 GMT" skipped="0">
  <testcase classname="com.InternetBanking.testCases.TC_LoginTest_001" name="LoginTest" time="6.696"/>
</testsuite> <!-- com.InternetBanking.testCases.TC_LoginTest_001 -->
